<?xml version="1.0" encoding="UTF-8"?>
<!-- Generated by org.testng.reporters.JUnitReportReporter -->
<testsuite hostname="Lishanth" failures="0" tests="6" name="ecommercetest.TC_012AdditionalTask1" time="178.014" errors="0" timestamp="2024-08-14T16:55:17 GST" skipped="0">
  <testcase classname="ecommercetest.TC_012AdditionalTask1" name="tc_012_A_SearchBoxValidation" time="21.433"/>
  <testcase classname="ecommercetest.TC_012AdditionalTask1" name="tc_012_A_SearchBoxValidation" time="21.000"/>
  <testcase classname="ecommercetest.TC_012AdditionalTask1" name="tc_012_A_SearchBoxValidation" time="23.297"/>
  <testcase classname="ecommercetest.TC_012AdditionalTask1" name="tc_012_A_SearchBoxValidation" time="23.101"/>
  <testcase classname="ecommercetest.TC_012AdditionalTask1" name="tc_012_B_validateBusinessAccount" time="33.397"/>
  <testcase classname="ecommercetest.TC_012AdditionalTask1" name="tc_012_C_ValiadateBrokenLinksInSignInPage" time="55.786"/>
</testsuite> <!-- ecommercetest.TC_012AdditionalTask1 -->
