<?xml version="1.0" encoding="UTF-8"?>
<!-- Generated by org.testng.reporters.JUnitReportReporter -->
<testsuite hostname="Lishanth" failures="0" tests="4" name="ecommercetest.TC_003Sign" time="103.202" errors="0" timestamp="2024-08-10T21:46:57 GST" skipped="0">
  <testcase classname="ecommercetest.TC_003Sign" name="tc_003SignIn_A" time="24.671"/>
  <testcase classname="ecommercetest.TC_003Sign" name="tc_003SignIn_A" time="24.329"/>
  <testcase classname="ecommercetest.TC_003Sign" name="tc_003SignIn_A" time="32.565"/>
  <testcase classname="ecommercetest.TC_003Sign" name="tc_003SignIn_A" time="21.637"/>
</testsuite> <!-- ecommercetest.TC_003Sign -->
