<?xml version="1.0" encoding="UTF-8"?>
<!-- Generated by org.testng.reporters.JUnitReportReporter -->
<testsuite hostname="Lishanth" failures="0" tests="1" name="ecommercetest.TS_002validatebrokenurl" time="30.391" errors="0" timestamp="2024-08-04T12:19:10 GST" skipped="0">
  <testcase classname="ecommercetest.TS_002validatebrokenurl" name="tc_002validatebrokenurl" time="30.391"/>
</testsuite> <!-- ecommercetest.TS_002validatebrokenurl -->
