<?xml version="1.0" encoding="UTF-8"?>
<!-- Generated by org.testng.reporters.JUnitReportReporter -->
<testsuite hostname="Lishanth" failures="0" tests="10" name="ecommercetest.TC_005ValidateMenu" time="350.525" errors="0" timestamp="2024-08-18T14:28:27 GST" skipped="0">
  <testcase classname="ecommercetest.TC_005ValidateMenu" name="tc_005validateMenu" time="34.563"/>
  <testcase classname="ecommercetest.TC_005ValidateMenu" name="tc_005validateMenu" time="31.967"/>
  <testcase classname="ecommercetest.TC_005ValidateMenu" name="tc_005validateMenu" time="32.197"/>
  <testcase classname="ecommercetest.TC_005ValidateMenu" name="tc_005validateMenu" time="33.871"/>
  <testcase classname="ecommercetest.TC_005ValidateMenu" name="tc_005validateMenu" time="32.685"/>
  <testcase classname="ecommercetest.TC_005ValidateMenu" name="tc_005validateMenu" time="33.409"/>
  <testcase classname="ecommercetest.TC_005ValidateMenu" name="tc_005validateMenu" time="38.192"/>
  <testcase classname="ecommercetest.TC_005ValidateMenu" name="tc_005validateMenu" time="32.819"/>
  <testcase classname="ecommercetest.TC_005ValidateMenu" name="tc_005validateMenu" time="44.646"/>
  <testcase classname="ecommercetest.TC_005ValidateMenu" name="tc_005validateMenu" time="36.176"/>
</testsuite> <!-- ecommercetest.TC_005ValidateMenu -->
