<?xml version="1.0" encoding="UTF-8"?>
<!-- Generated by org.testng.reporters.JUnitReportReporter -->
<testsuite hostname="Lishanth" failures="0" tests="1" name="ecommercetest.TC_010CheckoutPage" time="98.151" errors="0" timestamp="2024-08-18T14:28:27 GST" skipped="0">
  <testcase classname="ecommercetest.TC_010CheckoutPage" name="tc_010CheckOutPageFilling" time="98.151"/>
</testsuite> <!-- ecommercetest.TC_010CheckoutPage -->
