<?xml version="1.0" encoding="UTF-8"?>
<!-- Generated by org.testng.reporters.JUnitReportReporter -->
<testsuite hostname="Lishanth" failures="0" tests="1" name="ecommercetest.TC_007SearchAddItemInCart" time="56.583" errors="0" timestamp="2024-08-17T21:50:30 GST" skipped="0">
  <testcase classname="ecommercetest.TC_007SearchAddItemInCart" name="tc_007SearchAddItemInCart" time="56.583"/>
</testsuite> <!-- ecommercetest.TC_007SearchAddItemInCart -->
