<?xml version="1.0" encoding="UTF-8"?>
<!-- Generated by org.testng.reporters.JUnitReportReporter -->
<testsuite hostname="Lishanth" failures="0" tests="1" name="ecommercetest.TC_008AddItemByDept" time="61.998" errors="0" timestamp="2024-08-18T15:13:57 GST" skipped="0">
  <testcase classname="ecommercetest.TC_008AddItemByDept" name="tc_008AddItemByDeptMenu" time="61.998"/>
</testsuite> <!-- ecommercetest.TC_008AddItemByDept -->
