<?xml version="1.0" encoding="UTF-8"?>
<!-- Generated by org.testng.reporters.JUnitReportReporter -->
<testsuite hostname="Lishanth" failures="0" tests="3" name="ecommercetest.TC_006validatebottomlink" time="82.448" errors="0" timestamp="2024-08-13T17:47:17 GST" skipped="0">
  <testcase classname="ecommercetest.TC_006validatebottomlink" name="tc_006validatebottomlink" time="30.373"/>
  <testcase classname="ecommercetest.TC_006validatebottomlink" name="tc_006validatebottomlink" time="30.120"/>
  <testcase classname="ecommercetest.TC_006validatebottomlink" name="tc_006validatebottomlink" time="21.955"/>
</testsuite> <!-- ecommercetest.TC_006validatebottomlink -->
