<?xml version="1.0" encoding="UTF-8"?>
<!-- Generated by org.testng.reporters.JUnitReportReporter -->
<testsuite hostname="Lishanth" failures="0" tests="1" name="ecommercetest.TC_002ValidateBrokenURL" time="20.645" errors="0" timestamp="2024-08-18T14:42:31 GST" skipped="0">
  <testcase classname="ecommercetest.TC_002ValidateBrokenURL" name="tc_002validatebrokenurl" time="20.645"/>
</testsuite> <!-- ecommercetest.TC_002ValidateBrokenURL -->
