<?xml version="1.0" encoding="UTF-8"?>
<!-- Generated by org.testng.reporters.JUnitReportReporter -->
<testsuite hostname="Lishanth" failures="0" tests="10" name="ecommercetest.TC_005ValidateMenu" time="183.383" errors="0" timestamp="2024-08-15T14:20:18 GST" skipped="0">
  <testcase classname="ecommercetest.TC_005ValidateMenu" name="tc_005validateMenu" time="17.186"/>
  <testcase classname="ecommercetest.TC_005ValidateMenu" name="tc_005validateMenu" time="15.457"/>
  <testcase classname="ecommercetest.TC_005ValidateMenu" name="tc_005validateMenu" time="16.698"/>
  <testcase classname="ecommercetest.TC_005ValidateMenu" name="tc_005validateMenu" time="15.372"/>
  <testcase classname="ecommercetest.TC_005ValidateMenu" name="tc_005validateMenu" time="16.893"/>
  <testcase classname="ecommercetest.TC_005ValidateMenu" name="tc_005validateMenu" time="22.281"/>
  <testcase classname="ecommercetest.TC_005ValidateMenu" name="tc_005validateMenu" time="19.653"/>
  <testcase classname="ecommercetest.TC_005ValidateMenu" name="tc_005validateMenu" time="18.061"/>
  <testcase classname="ecommercetest.TC_005ValidateMenu" name="tc_005validateMenu" time="19.371"/>
  <testcase classname="ecommercetest.TC_005ValidateMenu" name="tc_005validateMenu" time="22.411"/>
</testsuite> <!-- ecommercetest.TC_005ValidateMenu -->
