<?xml version="1.0" encoding="UTF-8"?>
<!-- Generated by org.testng.reporters.JUnitReportReporter -->
<testsuite hostname="Lishanth" failures="0" tests="3" name="ecommercetest.TC_013AddtionalTask2" time="110.165" errors="0" timestamp="2024-08-18T10:39:11 GST" skipped="0">
  <testcase classname="ecommercetest.TC_013AddtionalTask2" name="tc_013_B_AddItemByDeptMenuWithOffer" time="61.641"/>
  <testcase classname="ecommercetest.TC_013AddtionalTask2" name="tc_013_A_ForgotpasswordFunctionality" time="24.041"/>
  <testcase classname="ecommercetest.TC_013AddtionalTask2" name="tc_013_A_ForgotpasswordFunctionality" time="24.483"/>
</testsuite> <!-- ecommercetest.TC_013AddtionalTask2 -->
