<?xml version="1.0" encoding="UTF-8"?>
<!-- Generated by org.testng.reporters.JUnitReportReporter -->
<testsuite hostname="Lishanth" failures="0" tests="14" name="ecommercetest.TC_004CreateAccount" time="401.356" errors="0" timestamp="2024-08-18T14:42:31 GST" skipped="0">
  <testcase classname="ecommercetest.TC_004CreateAccount" name="tc_004_validateCreatAccount" time="32.462"/>
  <testcase classname="ecommercetest.TC_004CreateAccount" name="tc_004_validateCreatAccount" time="26.372"/>
  <testcase classname="ecommercetest.TC_004CreateAccount" name="tc_004_validateCreatAccount" time="30.324"/>
  <testcase classname="ecommercetest.TC_004CreateAccount" name="tc_004_validateCreatAccount" time="29.800"/>
  <testcase classname="ecommercetest.TC_004CreateAccount" name="tc_004_validateCreatAccount" time="28.962"/>
  <testcase classname="ecommercetest.TC_004CreateAccount" name="tc_004_validateCreatAccount" time="25.234"/>
  <testcase classname="ecommercetest.TC_004CreateAccount" name="tc_004_validateCreatAccount" time="28.747"/>
  <testcase classname="ecommercetest.TC_004CreateAccount" name="tc_004_validateCreatAccount" time="27.733"/>
  <testcase classname="ecommercetest.TC_004CreateAccount" name="tc_004_validateCreatAccount" time="27.095"/>
  <testcase classname="ecommercetest.TC_004CreateAccount" name="tc_004_validateCreatAccount" time="29.934"/>
  <testcase classname="ecommercetest.TC_004CreateAccount" name="tc_004_validateCreatAccount" time="25.299"/>
  <testcase classname="ecommercetest.TC_004CreateAccount" name="tc_004_validateCreatAccount" time="27.886"/>
  <testcase classname="ecommercetest.TC_004CreateAccount" name="tc_004_validateCreatAccount" time="32.597"/>
  <testcase classname="ecommercetest.TC_004CreateAccount" name="tc_004_validateCreatAccount" time="28.911"/>
</testsuite> <!-- ecommercetest.TC_004CreateAccount -->
