<?xml version="1.0" encoding="UTF-8"?>
<!-- Generated by org.testng.reporters.JUnitReportReporter -->
<testsuite hostname="Lishanth" failures="0" tests="4" name="ecommercetest.TC_003SignIn" time="75.241" errors="0" timestamp="2024-08-15T14:20:18 GST" skipped="0">
  <testcase classname="ecommercetest.TC_003SignIn" name="tc_003SignIn" time="17.041"/>
  <testcase classname="ecommercetest.TC_003SignIn" name="tc_003SignIn" time="18.007"/>
  <testcase classname="ecommercetest.TC_003SignIn" name="tc_003SignIn" time="18.287"/>
  <testcase classname="ecommercetest.TC_003SignIn" name="tc_003SignIn" time="21.906"/>
</testsuite> <!-- ecommercetest.TC_003SignIn -->
