<?xml version="1.0" encoding="UTF-8"?>
<!-- Generated by org.testng.reporters.JUnitReportReporter -->
<testsuite hostname="Lishanth" failures="0" tests="3" name="ecommercetest.TC_006ValidateBottomLinks" time="81.617" errors="0" timestamp="2024-08-18T14:42:31 GST" skipped="0">
  <testcase classname="ecommercetest.TC_006ValidateBottomLinks" name="tc_006validatebottomlink" time="39.559"/>
  <testcase classname="ecommercetest.TC_006ValidateBottomLinks" name="tc_006validatebottomlink" time="23.487"/>
  <testcase classname="ecommercetest.TC_006ValidateBottomLinks" name="tc_006validatebottomlink" time="18.571"/>
</testsuite> <!-- ecommercetest.TC_006ValidateBottomLinks -->
