<?xml version="1.0" encoding="UTF-8"?>
<!-- Generated by org.testng.reporters.JUnitReportReporter -->
<testsuite hostname="Lishanth" failures="0" tests="1" name="ecommercetest.TC_010CheckoutPage" time="107.872" errors="0" timestamp="2024-08-17T23:06:05 GST" skipped="0">
  <testcase classname="ecommercetest.TC_010CheckoutPage" name="tc_010CheckOutPageFilling" time="107.872"/>
</testsuite> <!-- ecommercetest.TC_010CheckoutPage -->
