<?xml version="1.0" encoding="UTF-8"?>
<!-- Generated by org.testng.reporters.JUnitReportReporter -->
<testsuite hostname="Lishanth" failures="0" tests="1" name="ecommercetest.TC_012AdditionalTask" time="71.020" errors="0" timestamp="2024-08-13T22:53:12 GST" skipped="0">
  <testcase classname="ecommercetest.TC_012AdditionalTask" name="tc_012_D_AddItemByDeptMenuWithOffer" time="71.020"/>
</testsuite> <!-- ecommercetest.TC_012AdditionalTask -->
