<?xml version="1.0" encoding="UTF-8"?>
<!-- Generated by org.testng.reporters.JUnitReportReporter -->
<testsuite hostname="Lishanth" failures="0" tests="3" name="ecommercetest.TC_013AddtionalTask2" time="112.973" errors="0" timestamp="2024-08-14T16:55:17 GST" skipped="0">
  <testcase classname="ecommercetest.TC_013AddtionalTask2" name="tc_013_B_AddItemByDeptMenuWithOffer" time="64.151"/>
  <testcase classname="ecommercetest.TC_013AddtionalTask2" name="tc_013_A_ForgotpasswordFunctionality" time="25.136"/>
  <testcase classname="ecommercetest.TC_013AddtionalTask2" name="tc_013_A_ForgotpasswordFunctionality" time="23.686"/>
</testsuite> <!-- ecommercetest.TC_013AddtionalTask2 -->
