<?xml version="1.0" encoding="UTF-8"?>
<!-- Generated by org.testng.reporters.JUnitReportReporter -->
<testsuite hostname="Lishanth" failures="0" tests="1" name="ecommercetest.TC_002ValidateBrokenURL" time="21.362" errors="0" timestamp="2024-08-15T13:22:46 GST" skipped="0">
  <testcase classname="ecommercetest.TC_002ValidateBrokenURL" name="tc_002validatebrokenurl" time="21.362"/>
</testsuite> <!-- ecommercetest.TC_002ValidateBrokenURL -->
