<?xml version="1.0" encoding="UTF-8"?>
<!-- Generated by org.testng.reporters.JUnitReportReporter -->
<testsuite hostname="Lishanth" failures="0" tests="14" name="ecommercetest.TC_004CreateAccount" time="300.233" errors="0" timestamp="2024-08-15T13:22:46 GST" skipped="0">
  <testcase classname="ecommercetest.TC_004CreateAccount" name="tc_004_validateCreatAccount" time="19.630"/>
  <testcase classname="ecommercetest.TC_004CreateAccount" name="tc_004_validateCreatAccount" time="20.960"/>
  <testcase classname="ecommercetest.TC_004CreateAccount" name="tc_004_validateCreatAccount" time="25.217"/>
  <testcase classname="ecommercetest.TC_004CreateAccount" name="tc_004_validateCreatAccount" time="23.583"/>
  <testcase classname="ecommercetest.TC_004CreateAccount" name="tc_004_validateCreatAccount" time="20.956"/>
  <testcase classname="ecommercetest.TC_004CreateAccount" name="tc_004_validateCreatAccount" time="19.606"/>
  <testcase classname="ecommercetest.TC_004CreateAccount" name="tc_004_validateCreatAccount" time="20.279"/>
  <testcase classname="ecommercetest.TC_004CreateAccount" name="tc_004_validateCreatAccount" time="19.228"/>
  <testcase classname="ecommercetest.TC_004CreateAccount" name="tc_004_validateCreatAccount" time="18.784"/>
  <testcase classname="ecommercetest.TC_004CreateAccount" name="tc_004_validateCreatAccount" time="21.212"/>
  <testcase classname="ecommercetest.TC_004CreateAccount" name="tc_004_validateCreatAccount" time="22.625"/>
  <testcase classname="ecommercetest.TC_004CreateAccount" name="tc_004_validateCreatAccount" time="21.052"/>
  <testcase classname="ecommercetest.TC_004CreateAccount" name="tc_004_validateCreatAccount" time="20.441"/>
  <testcase classname="ecommercetest.TC_004CreateAccount" name="tc_004_validateCreatAccount" time="26.660"/>
</testsuite> <!-- ecommercetest.TC_004CreateAccount -->
