<?xml version="1.0" encoding="UTF-8"?>
<!-- Generated by org.testng.reporters.JUnitReportReporter -->
<testsuite hostname="Lishanth" failures="0" tests="4" name="ecommercetest.TC_011AdditionalTask" time="109.757" errors="0" timestamp="2024-08-09T22:45:45 GST" skipped="0">
  <testcase classname="ecommercetest.TC_011AdditionalTask" name="tc_011SearchBoxValidation" time="31.898"/>
  <testcase classname="ecommercetest.TC_011AdditionalTask" name="tc_011SearchBoxValidation" time="26.604"/>
  <testcase classname="ecommercetest.TC_011AdditionalTask" name="tc_011SearchBoxValidation" time="26.002"/>
  <testcase classname="ecommercetest.TC_011AdditionalTask" name="tc_011SearchBoxValidation" time="25.253"/>
</testsuite> <!-- ecommercetest.TC_011AdditionalTask -->
