<?xml version="1.0" encoding="UTF-8"?>
<!-- Generated by org.testng.reporters.JUnitReportReporter -->
<testsuite hostname="Lishanth" failures="0" tests="4" name="ecommercetest.TC_003SignIn" time="155.413" errors="0" timestamp="2024-08-18T14:28:27 GST" skipped="0">
  <testcase classname="ecommercetest.TC_003SignIn" name="tc_003SignIn" time="35.609"/>
  <testcase classname="ecommercetest.TC_003SignIn" name="tc_003SignIn" time="35.791"/>
  <testcase classname="ecommercetest.TC_003SignIn" name="tc_003SignIn" time="42.955"/>
  <testcase classname="ecommercetest.TC_003SignIn" name="tc_003SignIn" time="41.058"/>
</testsuite> <!-- ecommercetest.TC_003SignIn -->
