<?xml version="1.0" encoding="UTF-8"?>
<!-- Generated by org.testng.reporters.JUnitReportReporter -->
<testsuite hostname="Lishanth" failures="0" tests="10" name="ecommercetest.TC_005ValidateMenu" time="213.877" errors="0" timestamp="2024-08-17T23:28:49 GST" skipped="0">
  <testcase classname="ecommercetest.TC_005ValidateMenu" name="tc_005validateMenu" time="26.309"/>
  <testcase classname="ecommercetest.TC_005ValidateMenu" name="tc_005validateMenu" time="19.314"/>
  <testcase classname="ecommercetest.TC_005ValidateMenu" name="tc_005validateMenu" time="16.600"/>
  <testcase classname="ecommercetest.TC_005ValidateMenu" name="tc_005validateMenu" time="22.046"/>
  <testcase classname="ecommercetest.TC_005ValidateMenu" name="tc_005validateMenu" time="17.505"/>
  <testcase classname="ecommercetest.TC_005ValidateMenu" name="tc_005validateMenu" time="20.007"/>
  <testcase classname="ecommercetest.TC_005ValidateMenu" name="tc_005validateMenu" time="20.894"/>
  <testcase classname="ecommercetest.TC_005ValidateMenu" name="tc_005validateMenu" time="23.634"/>
  <testcase classname="ecommercetest.TC_005ValidateMenu" name="tc_005validateMenu" time="25.577"/>
  <testcase classname="ecommercetest.TC_005ValidateMenu" name="tc_005validateMenu" time="21.991"/>
</testsuite> <!-- ecommercetest.TC_005ValidateMenu -->
