<?xml version="1.0" encoding="UTF-8"?>
<!-- Generated by org.testng.reporters.JUnitReportReporter -->
<testsuite hostname="Lishanth" failures="0" tests="1" name="ecommercetest.TC_010CheckoutPage" time="106.244" errors="0" timestamp="2024-08-14T22:04:21 GST" skipped="0">
  <testcase classname="ecommercetest.TC_010CheckoutPage" name="tc_010CheckOutPageFilling" time="106.244"/>
</testsuite> <!-- ecommercetest.TC_010CheckoutPage -->
