<?xml version="1.0" encoding="UTF-8"?>
<!-- Generated by org.testng.reporters.JUnitReportReporter -->
<testsuite hostname="Lishanth" failures="0" tests="1" name="ecommercetest.TC_001NavigatetoURL" time="3.167" errors="0" timestamp="2024-08-14T21:21:42 GST" skipped="0">
  <testcase classname="ecommercetest.TC_001NavigatetoURL" name="tc_001navigatToBestBest" time="3.167"/>
</testsuite> <!-- ecommercetest.TC_001NavigatetoURL -->
