<?xml version="1.0" encoding="UTF-8"?>
<!-- Generated by org.testng.reporters.JUnitReportReporter -->
<testsuite hostname="Lishanth" failures="0" tests="3" name="ecommercetest.TC_013AddtionalTask2" time="102.632" errors="0" timestamp="2024-08-18T08:50:37 GST" skipped="0">
  <testcase classname="ecommercetest.TC_013AddtionalTask2" name="tc_013_B_AddItemByDeptMenuWithOffer" time="60.634"/>
  <testcase classname="ecommercetest.TC_013AddtionalTask2" name="tc_013_A_ForgotpasswordFunctionality" time="19.078"/>
  <testcase classname="ecommercetest.TC_013AddtionalTask2" name="tc_013_A_ForgotpasswordFunctionality" time="22.920"/>
</testsuite> <!-- ecommercetest.TC_013AddtionalTask2 -->
