<?xml version="1.0" encoding="UTF-8"?>
<!-- Generated by org.testng.reporters.JUnitReportReporter -->
<testsuite hostname="Lishanth" failures="0" tests="6" name="ecommercetest.TC_012AdditionalTask1" time="170.708" errors="0" timestamp="2024-08-18T13:44:27 GST" skipped="0">
  <testcase classname="ecommercetest.TC_012AdditionalTask1" name="tc_012_C_ValiadateBrokenLinksInSignInPage" time="54.966"/>
  <testcase classname="ecommercetest.TC_012AdditionalTask1" name="tc_012_A_SearchBoxValidation" time="25.318"/>
  <testcase classname="ecommercetest.TC_012AdditionalTask1" name="tc_012_A_SearchBoxValidation" time="19.367"/>
  <testcase classname="ecommercetest.TC_012AdditionalTask1" name="tc_012_A_SearchBoxValidation" time="23.616"/>
  <testcase classname="ecommercetest.TC_012AdditionalTask1" name="tc_012_A_SearchBoxValidation" time="20.584"/>
  <testcase classname="ecommercetest.TC_012AdditionalTask1" name="tc_012_B_validateBusinessAccount" time="26.857"/>
</testsuite> <!-- ecommercetest.TC_012AdditionalTask1 -->
