<?xml version="1.0" encoding="UTF-8"?>
<!-- Generated by org.testng.reporters.JUnitReportReporter -->
<testsuite hostname="Lishanth" failures="0" tests="14" name="ecommercetest.TC_004CreateAccount" time="488.517" errors="0" timestamp="2024-08-14T21:21:42 GST" skipped="0">
  <testcase classname="ecommercetest.TC_004CreateAccount" name="tc_004_A_validateCreatAccount" time="30.102"/>
  <testcase classname="ecommercetest.TC_004CreateAccount" name="tc_004_A_validateCreatAccount" time="33.979"/>
  <testcase classname="ecommercetest.TC_004CreateAccount" name="tc_004_A_validateCreatAccount" time="35.168"/>
  <testcase classname="ecommercetest.TC_004CreateAccount" name="tc_004_A_validateCreatAccount" time="31.219"/>
  <testcase classname="ecommercetest.TC_004CreateAccount" name="tc_004_A_validateCreatAccount" time="60.594"/>
  <testcase classname="ecommercetest.TC_004CreateAccount" name="tc_004_A_validateCreatAccount" time="30.905"/>
  <testcase classname="ecommercetest.TC_004CreateAccount" name="tc_004_A_validateCreatAccount" time="26.225"/>
  <testcase classname="ecommercetest.TC_004CreateAccount" name="tc_004_A_validateCreatAccount" time="39.325"/>
  <testcase classname="ecommercetest.TC_004CreateAccount" name="tc_004_A_validateCreatAccount" time="39.498"/>
  <testcase classname="ecommercetest.TC_004CreateAccount" name="tc_004_A_validateCreatAccount" time="28.642"/>
  <testcase classname="ecommercetest.TC_004CreateAccount" name="tc_004_A_validateCreatAccount" time="26.118"/>
  <testcase classname="ecommercetest.TC_004CreateAccount" name="tc_004_A_validateCreatAccount" time="42.740"/>
  <testcase classname="ecommercetest.TC_004CreateAccount" name="tc_004_A_validateCreatAccount" time="35.475"/>
  <testcase classname="ecommercetest.TC_004CreateAccount" name="tc_004_A_validateCreatAccount" time="28.527"/>
</testsuite> <!-- ecommercetest.TC_004CreateAccount -->
