<?xml version="1.0" encoding="UTF-8"?>
<!-- Generated by org.testng.reporters.JUnitReportReporter -->
<testsuite hostname="Lishanth" failures="0" tests="1" name="ecommercetest.TC_009AddItemByBrand" time="51.495" errors="0" timestamp="2024-08-14T17:05:58 GST" skipped="0">
  <testcase classname="ecommercetest.TC_009AddItemByBrand" name="tc_009AddItemShopByBrandMenu" time="51.495"/>
</testsuite> <!-- ecommercetest.TC_009AddItemByBrand -->
