<?xml version="1.0" encoding="UTF-8"?>
<!-- Generated by org.testng.reporters.JUnitReportReporter -->
<testsuite hostname="Lishanth" failures="0" tests="4" name="ecommercetest.TC_003SignIn" time="103.744" errors="0" timestamp="2024-08-18T13:44:27 GST" skipped="0">
  <testcase classname="ecommercetest.TC_003SignIn" name="tc_003SignIn" time="23.187"/>
  <testcase classname="ecommercetest.TC_003SignIn" name="tc_003SignIn" time="26.338"/>
  <testcase classname="ecommercetest.TC_003SignIn" name="tc_003SignIn" time="29.713"/>
  <testcase classname="ecommercetest.TC_003SignIn" name="tc_003SignIn" time="24.506"/>
</testsuite> <!-- ecommercetest.TC_003SignIn -->
