<?xml version="1.0" encoding="UTF-8"?>
<!-- Generated by org.testng.reporters.JUnitReportReporter -->
<testsuite hostname="Lishanth" failures="0" tests="3" name="ecommercetest.TC_013AddtionalTask2" time="98.300" errors="0" timestamp="2024-08-18T13:44:27 GST" skipped="0">
  <testcase classname="ecommercetest.TC_013AddtionalTask2" name="tc_013_B_AddItemByDeptMenuWithOffer" time="55.859"/>
  <testcase classname="ecommercetest.TC_013AddtionalTask2" name="tc_013_A_ForgotpasswordFunctionality" time="21.051"/>
  <testcase classname="ecommercetest.TC_013AddtionalTask2" name="tc_013_A_ForgotpasswordFunctionality" time="21.390"/>
</testsuite> <!-- ecommercetest.TC_013AddtionalTask2 -->
