<?xml version="1.0" encoding="UTF-8"?>
<!-- Generated by org.testng.reporters.JUnitReportReporter -->
<testsuite hostname="Lishanth" failures="0" tests="1" name="ecommercetest.TC_007SearchAddItemInCart" time="83.718" errors="0" timestamp="2024-08-14T22:04:21 GST" skipped="0">
  <testcase classname="ecommercetest.TC_007SearchAddItemInCart" name="tc_007SearchAddItemInCart" time="83.718"/>
</testsuite> <!-- ecommercetest.TC_007SearchAddItemInCart -->
