<?xml version="1.0" encoding="UTF-8"?>
<!-- Generated by org.testng.reporters.JUnitReportReporter -->
<testsuite hostname="Lishanth" failures="0" tests="3" name="ecommercetest.TC_006ValidateBottomLinks" time="56.692" errors="0" timestamp="2024-08-18T13:44:27 GST" skipped="0">
  <testcase classname="ecommercetest.TC_006ValidateBottomLinks" name="tc_006validatebottomlink" time="19.014"/>
  <testcase classname="ecommercetest.TC_006ValidateBottomLinks" name="tc_006validatebottomlink" time="18.487"/>
  <testcase classname="ecommercetest.TC_006ValidateBottomLinks" name="tc_006validatebottomlink" time="19.191"/>
</testsuite> <!-- ecommercetest.TC_006ValidateBottomLinks -->
