<?xml version="1.0" encoding="UTF-8"?>
<!-- Generated by org.testng.reporters.JUnitReportReporter -->
<testsuite hostname="Lishanth" failures="0" tests="6" name="ecommercetest.TC_012AdditionalTask1" time="144.138" errors="0" timestamp="2024-08-18T08:50:37 GST" skipped="0">
  <testcase classname="ecommercetest.TC_012AdditionalTask1" name="tc_012_C_ValiadateBrokenLinksInSignInPage" time="42.707"/>
  <testcase classname="ecommercetest.TC_012AdditionalTask1" name="tc_012_B_validateBusinessAccount" time="23.079"/>
  <testcase classname="ecommercetest.TC_012AdditionalTask1" name="tc_012_A_SearchBoxValidation" time="19.307"/>
  <testcase classname="ecommercetest.TC_012AdditionalTask1" name="tc_012_A_SearchBoxValidation" time="18.854"/>
  <testcase classname="ecommercetest.TC_012AdditionalTask1" name="tc_012_A_SearchBoxValidation" time="18.705"/>
  <testcase classname="ecommercetest.TC_012AdditionalTask1" name="tc_012_A_SearchBoxValidation" time="21.486"/>
</testsuite> <!-- ecommercetest.TC_012AdditionalTask1 -->
