<?xml version="1.0" encoding="UTF-8"?>
<!-- Generated by org.testng.reporters.JUnitReportReporter -->
<testsuite hostname="Lishanth" failures="0" tests="4" name="ecommercetest.TC_003SignIn" time="87.717" errors="0" timestamp="2024-08-17T23:28:49 GST" skipped="0">
  <testcase classname="ecommercetest.TC_003SignIn" name="tc_003SignIn" time="19.807"/>
  <testcase classname="ecommercetest.TC_003SignIn" name="tc_003SignIn" time="19.489"/>
  <testcase classname="ecommercetest.TC_003SignIn" name="tc_003SignIn" time="27.689"/>
  <testcase classname="ecommercetest.TC_003SignIn" name="tc_003SignIn" time="20.732"/>
</testsuite> <!-- ecommercetest.TC_003SignIn -->
