<?xml version="1.0" encoding="UTF-8"?>
<!-- Generated by org.testng.reporters.JUnitReportReporter -->
<testsuite hostname="Lishanth" failures="0" tests="6" name="ecommercetest.TC_012AdditionalTask1" time="147.620" errors="0" timestamp="2024-08-14T17:05:58 GST" skipped="0">
  <testcase classname="ecommercetest.TC_012AdditionalTask1" name="tc_012_A_SearchBoxValidation" time="17.394"/>
  <testcase classname="ecommercetest.TC_012AdditionalTask1" name="tc_012_A_SearchBoxValidation" time="18.155"/>
  <testcase classname="ecommercetest.TC_012AdditionalTask1" name="tc_012_A_SearchBoxValidation" time="17.347"/>
  <testcase classname="ecommercetest.TC_012AdditionalTask1" name="tc_012_A_SearchBoxValidation" time="24.474"/>
  <testcase classname="ecommercetest.TC_012AdditionalTask1" name="tc_012_C_ValiadateBrokenLinksInSignInPage" time="46.151"/>
  <testcase classname="ecommercetest.TC_012AdditionalTask1" name="tc_012_B_validateBusinessAccount" time="24.099"/>
</testsuite> <!-- ecommercetest.TC_012AdditionalTask1 -->
