<?xml version="1.0" encoding="UTF-8"?>
<!-- Generated by org.testng.reporters.JUnitReportReporter -->
<testsuite hostname="Lishanth" failures="0" tests="14" name="ecommercetest.TC_004CreateAccount" time="325.974" errors="0" timestamp="2024-08-18T13:44:27 GST" skipped="0">
  <testcase classname="ecommercetest.TC_004CreateAccount" name="tc_004_validateCreatAccount" time="24.607"/>
  <testcase classname="ecommercetest.TC_004CreateAccount" name="tc_004_validateCreatAccount" time="25.404"/>
  <testcase classname="ecommercetest.TC_004CreateAccount" name="tc_004_validateCreatAccount" time="22.496"/>
  <testcase classname="ecommercetest.TC_004CreateAccount" name="tc_004_validateCreatAccount" time="20.386"/>
  <testcase classname="ecommercetest.TC_004CreateAccount" name="tc_004_validateCreatAccount" time="26.601"/>
  <testcase classname="ecommercetest.TC_004CreateAccount" name="tc_004_validateCreatAccount" time="22.977"/>
  <testcase classname="ecommercetest.TC_004CreateAccount" name="tc_004_validateCreatAccount" time="22.140"/>
  <testcase classname="ecommercetest.TC_004CreateAccount" name="tc_004_validateCreatAccount" time="25.779"/>
  <testcase classname="ecommercetest.TC_004CreateAccount" name="tc_004_validateCreatAccount" time="24.471"/>
  <testcase classname="ecommercetest.TC_004CreateAccount" name="tc_004_validateCreatAccount" time="22.870"/>
  <testcase classname="ecommercetest.TC_004CreateAccount" name="tc_004_validateCreatAccount" time="20.626"/>
  <testcase classname="ecommercetest.TC_004CreateAccount" name="tc_004_validateCreatAccount" time="19.050"/>
  <testcase classname="ecommercetest.TC_004CreateAccount" name="tc_004_validateCreatAccount" time="25.509"/>
  <testcase classname="ecommercetest.TC_004CreateAccount" name="tc_004_validateCreatAccount" time="23.058"/>
</testsuite> <!-- ecommercetest.TC_004CreateAccount -->
