<?xml version="1.0" encoding="UTF-8"?>
<!-- Generated by org.testng.reporters.JUnitReportReporter -->
<testsuite hostname="Lishanth" failures="0" tests="3" name="ecommercetest.TC_006ValidateBottomLinks" time="54.838" errors="0" timestamp="2024-08-18T08:50:37 GST" skipped="0">
  <testcase classname="ecommercetest.TC_006ValidateBottomLinks" name="tc_006validatebottomlink" time="18.556"/>
  <testcase classname="ecommercetest.TC_006ValidateBottomLinks" name="tc_006validatebottomlink" time="17.692"/>
  <testcase classname="ecommercetest.TC_006ValidateBottomLinks" name="tc_006validatebottomlink" time="18.590"/>
</testsuite> <!-- ecommercetest.TC_006ValidateBottomLinks -->
