<?xml version="1.0" encoding="UTF-8"?>
<!-- Generated by org.testng.reporters.JUnitReportReporter -->
<testsuite hostname="Lishanth" failures="0" tests="1" name="ecommercetest.TC_007SearchAddItemInCart" time="59.285" errors="0" timestamp="2024-08-18T13:44:27 GST" skipped="0">
  <testcase classname="ecommercetest.TC_007SearchAddItemInCart" name="tc_007SearchAddItemInCart" time="59.285"/>
</testsuite> <!-- ecommercetest.TC_007SearchAddItemInCart -->
