<?xml version="1.0" encoding="UTF-8"?>
<!-- Generated by org.testng.reporters.JUnitReportReporter -->
<testsuite hostname="Lishanth" failures="0" tests="4" name="ecommercetest.TC_003SignIn" time="141.007" errors="0" timestamp="2024-08-14T22:04:21 GST" skipped="0">
  <testcase classname="ecommercetest.TC_003SignIn" name="tc_003SignIn" time="29.558"/>
  <testcase classname="ecommercetest.TC_003SignIn" name="tc_003SignIn" time="34.495"/>
  <testcase classname="ecommercetest.TC_003SignIn" name="tc_003SignIn" time="38.840"/>
  <testcase classname="ecommercetest.TC_003SignIn" name="tc_003SignIn" time="38.114"/>
</testsuite> <!-- ecommercetest.TC_003SignIn -->
