<?xml version="1.0" encoding="UTF-8"?>
<!-- Generated by org.testng.reporters.JUnitReportReporter -->
<testsuite hostname="Lishanth" failures="0" tests="14" name="ecommercetest.TC_004CreateAccount" time="321.888" errors="0" timestamp="2024-08-18T08:50:37 GST" skipped="0">
  <testcase classname="ecommercetest.TC_004CreateAccount" name="tc_004_validateCreatAccount" time="26.161"/>
  <testcase classname="ecommercetest.TC_004CreateAccount" name="tc_004_validateCreatAccount" time="25.009"/>
  <testcase classname="ecommercetest.TC_004CreateAccount" name="tc_004_validateCreatAccount" time="24.468"/>
  <testcase classname="ecommercetest.TC_004CreateAccount" name="tc_004_validateCreatAccount" time="20.603"/>
  <testcase classname="ecommercetest.TC_004CreateAccount" name="tc_004_validateCreatAccount" time="22.748"/>
  <testcase classname="ecommercetest.TC_004CreateAccount" name="tc_004_validateCreatAccount" time="20.982"/>
  <testcase classname="ecommercetest.TC_004CreateAccount" name="tc_004_validateCreatAccount" time="21.358"/>
  <testcase classname="ecommercetest.TC_004CreateAccount" name="tc_004_validateCreatAccount" time="23.217"/>
  <testcase classname="ecommercetest.TC_004CreateAccount" name="tc_004_validateCreatAccount" time="19.868"/>
  <testcase classname="ecommercetest.TC_004CreateAccount" name="tc_004_validateCreatAccount" time="19.186"/>
  <testcase classname="ecommercetest.TC_004CreateAccount" name="tc_004_validateCreatAccount" time="21.327"/>
  <testcase classname="ecommercetest.TC_004CreateAccount" name="tc_004_validateCreatAccount" time="30.994"/>
  <testcase classname="ecommercetest.TC_004CreateAccount" name="tc_004_validateCreatAccount" time="20.060"/>
  <testcase classname="ecommercetest.TC_004CreateAccount" name="tc_004_validateCreatAccount" time="25.907"/>
</testsuite> <!-- ecommercetest.TC_004CreateAccount -->
