<?xml version="1.0" encoding="UTF-8"?>
<!-- Generated by org.testng.reporters.JUnitReportReporter -->
<testsuite hostname="Lishanth" failures="0" tests="1" name="ecommercetest.TC_008AddItemByDept" time="59.766" errors="0" timestamp="2024-08-14T17:05:58 GST" skipped="0">
  <testcase classname="ecommercetest.TC_008AddItemByDept" name="tc_008AddItemByDeptMenu" time="59.766"/>
</testsuite> <!-- ecommercetest.TC_008AddItemByDept -->
